<?xml version="1.0" encoding="UTF-8"?>
<!-- Generated by org.testng.reporters.JUnitReportReporter -->
<testsuite skipped="0" hostname="DESKTOP-M3E2BR1" name="lazyLoad.MakeMytrip" tests="1" failures="0" timestamp="2021-02-28T11:11:42 IST" time="36.574" errors="0">
  <testcase name="runLazyLoad" time="36.574" classname="lazyLoad.MakeMytrip"/>
  <system-out/>
</testsuite> <!-- lazyLoad.MakeMytrip -->
